{"level":"\u001b[32minfo\u001b[39m","message":"{\"method\":\"POST\",\"url\":\"/api/book/\",\"status\":\"500\",\"responseTime\":\"18.583\"}","timestamp":"2024-09-16T07:12:57.645Z"}
{"level":"\u001b[32minfo\u001b[39m","message":"{\"method\":\"POST\",\"url\":\"/api/book/\",\"status\":\"500\",\"responseTime\":\"16.382\"}","timestamp":"2024-09-16T07:57:06.459Z"}
{"level":"\u001b[32minfo\u001b[39m","message":"{\"method\":\"GET\",\"url\":\"/api/book/search/1?author=an\",\"status\":\"200\",\"responseTime\":\"34.489\"}","timestamp":"2024-09-16T07:57:14.351Z"}
{"level":"\u001b[32minfo\u001b[39m","message":"{\"method\":\"GET\",\"url\":\"/api/book/1\",\"status\":\"200\",\"responseTime\":\"16.340\"}","timestamp":"2024-09-16T07:57:22.543Z"}
{"level":"\u001b[32minfo\u001b[39m","message":"{\"method\":\"GET\",\"url\":\"/api/book/1\",\"status\":\"200\",\"responseTime\":\"45.672\"}","timestamp":"2024-09-16T19:38:11.973Z"}
{"level":"\u001b[32minfo\u001b[39m","message":"{\"method\":\"GET\",\"url\":\"/api/book/search/2?author=an\",\"status\":\"200\",\"responseTime\":\"9.880\"}","timestamp":"2024-09-16T19:38:49.203Z"}
{"level":"\u001b[32minfo\u001b[39m","message":"{\"method\":\"GET\",\"url\":\"/api/book/search/1?author=an\",\"status\":\"200\",\"responseTime\":\"11.777\"}","timestamp":"2024-09-16T19:39:00.773Z"}
{"level":"\u001b[32minfo\u001b[39m","message":"{\"method\":\"POST\",\"url\":\"/api/register/\",\"status\":\"500\",\"responseTime\":\"117.287\"}","timestamp":"2024-09-16T19:40:26.672Z"}
{"level":"\u001b[32minfo\u001b[39m","message":"{\"method\":\"POST\",\"url\":\"/api/register/\",\"status\":\"500\",\"responseTime\":\"94.793\"}","timestamp":"2024-09-16T19:41:19.203Z"}
{"level":"\u001b[32minfo\u001b[39m","message":"{\"method\":\"POST\",\"url\":\"/api/register/\",\"status\":\"500\",\"responseTime\":\"97.624\"}","timestamp":"2024-09-16T19:41:47.987Z"}
{"level":"\u001b[32minfo\u001b[39m","message":"{\"method\":\"POST\",\"url\":\"/api/register/\",\"status\":\"500\",\"responseTime\":\"120.995\"}","timestamp":"2024-09-16T19:45:22.976Z"}
{"level":"\u001b[32minfo\u001b[39m","message":"{\"method\":\"POST\",\"url\":\"/api/book/\",\"status\":\"500\",\"responseTime\":\"8.128\"}","timestamp":"2024-09-16T19:57:32.700Z"}
{"level":"\u001b[32minfo\u001b[39m","message":"{\"method\":\"POST\",\"url\":\"/api/book/\",\"status\":\"500\",\"responseTime\":\"7.836\"}","timestamp":"2024-09-16T19:58:34.240Z"}
{"level":"\u001b[32minfo\u001b[39m","message":"{\"method\":\"POST\",\"url\":\"/api/book/\",\"status\":\"201\",\"responseTime\":\"30.001\"}","timestamp":"2024-09-16T19:59:48.315Z"}
{"level":"\u001b[32minfo\u001b[39m","message":"{\"method\":\"POST\",\"url\":\"/api/register/\",\"status\":\"201\",\"responseTime\":\"103.192\"}","timestamp":"2024-09-16T20:00:50.762Z"}
{"level":"\u001b[32minfo\u001b[39m","message":"{\"method\":\"POST\",\"url\":\"/api/register/\",\"status\":\"500\",\"responseTime\":\"94.814\"}","timestamp":"2024-09-16T20:01:47.272Z"}
{"level":"\u001b[32minfo\u001b[39m","message":"{\"method\":\"POST\",\"url\":\"/api/register/\",\"status\":\"201\",\"responseTime\":\"112.453\"}","timestamp":"2024-09-16T20:02:33.774Z"}
{"level":"\u001b[32minfo\u001b[39m","message":"{\"method\":\"POST\",\"url\":\"/api/register/\",\"status\":\"201\",\"responseTime\":\"126.010\"}","timestamp":"2024-09-16T20:05:38.055Z"}
{"level":"\u001b[32minfo\u001b[39m","message":"{\"method\":\"POST\",\"url\":\"/api/register/\",\"status\":\"201\",\"responseTime\":\"113.046\"}","timestamp":"2024-09-16T20:05:50.929Z"}
{"level":"\u001b[32minfo\u001b[39m","message":"{\"method\":\"POST\",\"url\":\"/api/register/\",\"status\":\"400\",\"responseTime\":\"14.477\"}","timestamp":"2024-09-16T20:06:28.845Z"}
{"level":"\u001b[32minfo\u001b[39m","message":"{\"method\":\"POST\",\"url\":\"/api/register/\",\"status\":\"400\",\"responseTime\":\"9.143\"}","timestamp":"2024-09-16T20:08:15.114Z"}
{"level":"\u001b[32minfo\u001b[39m","message":"{\"method\":\"POST\",\"url\":\"/api/register/\",\"status\":\"201\",\"responseTime\":\"99.856\"}","timestamp":"2024-09-16T20:08:21.873Z"}
{"level":"\u001b[32minfo\u001b[39m","message":"{\"method\":\"POST\",\"url\":\"/api/register/\",\"status\":\"201\",\"responseTime\":\"94.994\"}","timestamp":"2024-09-16T20:08:45.004Z"}
{"level":"\u001b[32minfo\u001b[39m","message":"{\"method\":\"POST\",\"url\":\"/api/register/\",\"status\":\"201\",\"responseTime\":\"96.208\"}","timestamp":"2024-09-16T20:08:49.306Z"}
{"level":"\u001b[32minfo\u001b[39m","message":"{\"method\":\"POST\",\"url\":\"/api/register/\",\"status\":\"400\",\"responseTime\":\"7.495\"}","timestamp":"2024-09-16T20:09:19.097Z"}
{"level":"\u001b[32minfo\u001b[39m","message":"{\"method\":\"POST\",\"url\":\"/api/register/\",\"status\":\"201\",\"responseTime\":\"89.990\"}","timestamp":"2024-09-16T20:09:48.756Z"}
{"level":"\u001b[32minfo\u001b[39m","message":"{\"method\":\"POST\",\"url\":\"/api/login/\",\"status\":\"200\",\"responseTime\":\"101.151\"}","timestamp":"2024-09-16T20:11:00.083Z"}
{"level":"\u001b[32minfo\u001b[39m","message":"{\"method\":\"POST\",\"url\":\"/api/register/\",\"status\":\"400\",\"responseTime\":\"15.545\"}","timestamp":"2024-09-16T20:13:48.333Z"}
{"level":"\u001b[32minfo\u001b[39m","message":"{\"method\":\"POST\",\"url\":\"/api/register/\",\"status\":\"400\",\"responseTime\":\"4.647\"}","timestamp":"2024-09-16T20:14:01.134Z"}
